[debug] [2020-05-10T03:46:22.196Z] ----------------------------------------------------------------------
[debug] [2020-05-10T03:46:22.211Z] Command:       /usr/local/Cellar/node@8/8.16.0/bin/node /usr/local/bin/firebase serve --only hosting
[debug] [2020-05-10T03:46:22.211Z] CLI Version:   8.2.0
[debug] [2020-05-10T03:46:22.212Z] Platform:      darwin
[debug] [2020-05-10T03:46:22.212Z] Node Version:  v8.16.0
[debug] [2020-05-10T03:46:22.212Z] Time:          Sun May 10 2020 12:46:22 GMT+0900 (JST)
[debug] [2020-05-10T03:46:22.213Z] ----------------------------------------------------------------------
[debug] [2020-05-10T03:46:22.213Z] 
[debug] [2020-05-10T03:46:22.247Z] > command requires scopes: ["email","openid","https://www.googleapis.com/auth/cloudplatformprojects.readonly","https://www.googleapis.com/auth/firebase","https://www.googleapis.com/auth/cloud-platform"]
[debug] [2020-05-10T03:46:22.248Z] > authorizing via signed-in user
[debug] [2020-05-10T03:46:22.248Z] [iam] checking project oga-game for permissions ["firebase.projects.get"]
[debug] [2020-05-10T03:46:22.253Z] > refreshing access token with scopes: ["email","https://www.googleapis.com/auth/cloud-platform","https://www.googleapis.com/auth/cloudplatformprojects.readonly","https://www.googleapis.com/auth/firebase","openid"]
[debug] [2020-05-10T03:46:22.254Z] >>> HTTP REQUEST POST https://www.googleapis.com/oauth2/v3/token  
 <request body omitted>
[debug] [2020-05-10T03:46:22.592Z] <<< HTTP RESPONSE 200 {"content-type":"application/json; charset=utf-8","vary":"X-Origin, Referer, Origin,Accept-Encoding","date":"Sun, 10 May 2020 03:46:22 GMT","server":"scaffolding on HTTPServer2","cache-control":"private","x-xss-protection":"0","x-frame-options":"SAMEORIGIN","x-content-type-options":"nosniff","alt-svc":"h3-27=\":443\"; ma=2592000,h3-25=\":443\"; ma=2592000,h3-Q050=\":443\"; ma=2592000,h3-Q049=\":443\"; ma=2592000,h3-Q048=\":443\"; ma=2592000,h3-Q046=\":443\"; ma=2592000,h3-Q043=\":443\"; ma=2592000,quic=\":443\"; ma=2592000; v=\"46,43\"","accept-ranges":"none","transfer-encoding":"chunked"}
[debug] [2020-05-10T03:46:22.618Z] >>> HTTP REQUEST POST https://cloudresourcemanager.googleapis.com/v1/projects/oga-game:testIamPermissions  
 {"permissions":["firebase.projects.get"]}
[debug] [2020-05-10T03:46:23.413Z] <<< HTTP RESPONSE 200 {"content-type":"application/json; charset=UTF-8","vary":"X-Origin, Referer, Origin,Accept-Encoding","date":"Sun, 10 May 2020 03:46:23 GMT","server":"ESF","cache-control":"private","x-xss-protection":"0","x-frame-options":"SAMEORIGIN","x-content-type-options":"nosniff","server-timing":"gfet4t7; dur=660","alt-svc":"h3-27=\":443\"; ma=2592000,h3-25=\":443\"; ma=2592000,h3-Q050=\":443\"; ma=2592000,h3-Q049=\":443\"; ma=2592000,h3-Q048=\":443\"; ma=2592000,h3-Q046=\":443\"; ma=2592000,h3-Q043=\":443\"; ma=2592000,quic=\":443\"; ma=2592000; v=\"46,43\"","accept-ranges":"none","transfer-encoding":"chunked"}
[debug] [2020-05-10T03:46:23.416Z] >>> HTTP REQUEST GET https://firebase.googleapis.com/v1beta1/projects/oga-game  
 
[debug] [2020-05-10T03:46:24.146Z] <<< HTTP RESPONSE 200 {"content-type":"application/json; charset=UTF-8","vary":"X-Origin, Referer, Origin,Accept-Encoding","date":"Sun, 10 May 2020 03:46:24 GMT","server":"ESF","cache-control":"private","x-xss-protection":"0","x-frame-options":"SAMEORIGIN","x-content-type-options":"nosniff","alt-svc":"h3-27=\":443\"; ma=2592000,h3-25=\":443\"; ma=2592000,h3-Q050=\":443\"; ma=2592000,h3-Q049=\":443\"; ma=2592000,h3-Q048=\":443\"; ma=2592000,h3-Q046=\":443\"; ma=2592000,h3-Q043=\":443\"; ma=2592000,quic=\":443\"; ma=2592000; v=\"46,43\"","accept-ranges":"none","transfer-encoding":"chunked"}
[debug] [2020-05-10T03:46:24.148Z] >>> HTTP REQUEST GET https://firebase.googleapis.com/v1beta1/projects/oga-game/webApps/-/config  
 
[debug] [2020-05-10T03:46:25.461Z] <<< HTTP RESPONSE 200 {"content-type":"application/json; charset=UTF-8","vary":"X-Origin, Referer, Origin,Accept-Encoding","date":"Sun, 10 May 2020 03:46:25 GMT","server":"ESF","cache-control":"private","x-xss-protection":"0","x-frame-options":"SAMEORIGIN","x-content-type-options":"nosniff","alt-svc":"h3-27=\":443\"; ma=2592000,h3-25=\":443\"; ma=2592000,h3-Q050=\":443\"; ma=2592000,h3-Q049=\":443\"; ma=2592000,h3-Q048=\":443\"; ma=2592000,h3-Q046=\":443\"; ma=2592000,h3-Q043=\":443\"; ma=2592000,quic=\":443\"; ma=2592000; v=\"46,43\"","accept-ranges":"none","transfer-encoding":"chunked"}
[info] i  hosting: Serving hosting files from: public
[info] ✔  hosting: Local server: http://localhost:5000
